SF:lib/models/cart.dart
DA:16,0
DA:18,4
DA:19,4
DA:23,4
DA:27,25
DA:30,2
DA:31,10
DA:34,3
DA:35,9
DA:38,3
DA:41,0
DA:42,0
DA:45,0
LF:13
LH:9
end_of_record
SF:lib/models/catalog.dart
DA:15,12
DA:36,28
DA:39,4
DA:42,4
DA:53,4
DA:56,12
DA:58,0
DA:59,0
DA:61,2
DA:62,8
LF:10
LH:8
end_of_record
SF:lib/screens/catalog.dart
DA:12,5
DA:14,3
DA:16,3
DA:17,3
DA:18,3
DA:19,3
DA:21,3
DA:22,3
DA:23,6
DA:34,3
DA:36,3
DA:44,3
DA:46,12
DA:49,3
DA:52,2
DA:57,2
DA:58,4
DA:60,3
DA:61,5
DA:62,2
DA:63,4
DA:76,3
DA:78,3
DA:79,12
DA:81,3
DA:82,3
DA:84,2
DA:94,3
DA:96,3
DA:98,3
DA:101,9
DA:103,9
DA:105,3
DA:107,3
DA:109,3
DA:110,3
DA:111,3
DA:113,3
DA:114,3
DA:118,3
DA:119,6
DA:122,3
LF:42
LH:42
end_of_record
SF:lib/common/theme.dart
DA:7,3
LF:1
LH:1
end_of_record
SF:lib/main.dart
DA:19,0
DA:20,0
DA:21,0
DA:27,0
DA:28,0
DA:29,0
DA:30,0
DA:31,0
DA:32,0
DA:33,0
DA:34,0
DA:35,0
DA:43,2
DA:44,2
DA:46,2
DA:47,2
DA:49,2
DA:51,2
DA:53,2
DA:54,2
DA:55,2
DA:57,1
DA:66,5
DA:68,1
DA:71,1
DA:72,1
DA:75,3
DA:79,1
DA:80,2
DA:81,1
DA:82,0
DA:83,1
DA:88,1
DA:90,1
DA:91,1
LF:35
LH:22
end_of_record
SF:lib/screens/cart.dart
DA:10,5
DA:12,2
DA:14,2
DA:15,2
DA:16,8
DA:19,2
DA:21,2
DA:22,2
DA:23,2
DA:24,2
DA:26,2
DA:30,2
DA:39,2
DA:41,6
DA:45,2
DA:47,2
DA:48,4
DA:49,4
DA:51,2
DA:53,0
DA:54,0
DA:57,2
DA:58,6
DA:67,2
DA:70,8
DA:72,2
DA:74,2
DA:75,2
DA:77,2
DA:84,2
DA:85,2
DA:86,6
DA:88,2
DA:89,1
DA:90,2
DA:93,2
LF:36
LH:34
end_of_record
SF:lib/screens/login.dart
DA:9,4
DA:11,2
DA:13,2
DA:14,2
DA:15,2
DA:17,2
DA:19,2
DA:20,2
DA:22,6
DA:24,2
DA:29,2
DA:38,2
DA:39,2
DA:40,2
DA:42,2
LF:15
LH:15
end_of_record
